<?xml version="1.0" encoding="UTF-8"?>
<!-- Generated by org.testng.reporters.JUnitXMLReporter -->
<testsuite ignored="0" hostname="MDALLAL" failures="0" tests="12" name="Default test" time="60.933" errors="0" timestamp="2025-05-05T19:00:02 GMT+03:00">
  <testcase classname="Almosafer.Almosafer.AppTest" name="check_the_language" time="0.143"/>
  <testcase classname="Almosafer.Almosafer.AppTest" name="currencyBtn" time="0.098"/>
  <testcase classname="Almosafer.Almosafer.AppTest" name="phone" time="0.062"/>
  <testcase classname="Almosafer.Almosafer.AppTest" name="qitaf_logo" time="8.365"/>
  <testcase classname="Almosafer.Almosafer.AppTest" name="hotelsTab" time="2.061"/>
  <testcase classname="Almosafer.Almosafer.AppTest" name="Change_Languages_Random_Clicks" time="8.619"/>
  <testcase classname="Almosafer.Almosafer.AppTest" name="selectDeparturePlus3AndReturnPlus10" time="3.182"/>
  <testcase classname="Almosafer.Almosafer.AppTest" name="Switch_to_Hotel_Tab" time="3.067"/>
  <testcase classname="Almosafer.Almosafer.AppTest" name="check_In_And_cheak_out_Date" time="6.829"/>
  <testcase classname="Almosafer.Almosafer.AppTest" name="Rooms_and_guest" time="0.114"/>
  <testcase classname="Almosafer.Almosafer.AppTest" name="searchButton" time="5.317"/>
  <testcase classname="Almosafer.Almosafer.AppTest" name="verifySearchResultsLoaded" time="18.327"/>
</testsuite> <!-- Default test -->
